#
# There is insufficient memory for the Java Runtime Environment to continue.
# Native memory allocation (mmap) failed to map 123731968 bytes. Error detail: G1 virtual space
# Possible reasons:
#   The system is out of physical RAM or swap space
#   This process is running with CompressedOops enabled, and the Java Heap may be blocking the growth of the native heap
# Possible solutions:
#   Reduce memory load on the system
#   Increase physical memory or swap space
#   Check if swap backing store is full
#   Decrease Java heap size (-Xmx/-Xms)
#   Decrease number of Java threads
#   Decrease Java thread stack sizes (-Xss)
#   Set larger code cache with -XX:ReservedCodeCacheSize=
#   JVM is running with Unscaled Compressed Oops mode in which the Java heap is
#     placed in the first 4GB address space. The Java Heap base address is the
#     maximum limit for the native heap growth. Please use -XX:HeapBaseMinAddress
#     to set the Java Heap base and to place the Java Heap above 4GB virtual address.
# This output file may be truncated or incomplete.
#
#  Out of Memory Error (os_windows.cpp:3713), pid=77556, tid=77500
#
# JRE version: OpenJDK Runtime Environment Temurin-21.0.8+9 (21.0.8+9) (build 21.0.8+9-LTS)
# Java VM: OpenJDK 64-Bit Server VM Temurin-21.0.8+9 (21.0.8+9-LTS, mixed mode, emulated-client, sharing, tiered, compressed oops, compressed class ptrs, g1 gc, windows-amd64)
# No core dump will be written. Minidumps are not enabled by default on client versions of Windows
#

---------------  S U M M A R Y ------------

Command Line: -Dcom.sun.management.jmxremote -Dcom.sun.management.jmxremote.port=50598 -Dcom.sun.management.jmxremote.authenticate=false -Dcom.sun.management.jmxremote.ssl=false -Djava.rmi.server.hostname=localhost -Dspring.jmx.enabled=true -Dmanagement.endpoints.jmx.exposure.include=* -Dspring.application.admin.enabled=true -Dspring.output.ansi.enabled=always -XX:TieredStopAtLevel=1 -Dspring.boot.project.name=tarefasdiarias-0.0.1-SNAPSHOT -Dfile.encoding=UTF-8 -Dstdout.encoding=UTF-8 -Dstderr.encoding=UTF-8 -XX:+ShowCodeDetailsInExceptionMessages app.TarefasdiariasApplication

Host: AMD Ryzen 3 7320U with Radeon Graphics         , 8 cores, 3G,  Windows 11 , 64 bit Build 26100 (10.0.26100.6725)
Time: Sun Nov  9 17:55:51 2025 Hora oficial do Brasil elapsed time: 3337.411882 seconds (0d 0h 55m 37s)

---------------  T H R E A D  ---------------

Current thread (0x000001d779d05da0):  VMThread "VM Thread"          [id=77500, stack(0x000000d612f00000,0x000000d613000000) (1024K)]

Stack: [0x000000d612f00000,0x000000d613000000]
Native frames: (J=compiled Java code, j=interpreted, Vv=VM code, C=native code)
V  [jvm.dll+0x6d2449]
V  [jvm.dll+0x8ae341]
V  [jvm.dll+0x8b08be]
V  [jvm.dll+0x8b0fa3]
V  [jvm.dll+0x280c96]
V  [jvm.dll+0x6cec15]
V  [jvm.dll+0x6c2c3a]
V  [jvm.dll+0x35867a]
V  [jvm.dll+0x360246]
V  [jvm.dll+0x3b1f9e]
V  [jvm.dll+0x3b2248]
V  [jvm.dll+0x32c8fc]
V  [jvm.dll+0x32c987]
V  [jvm.dll+0x3706fc]
V  [jvm.dll+0x36ef48]
V  [jvm.dll+0x32c0c1]
V  [jvm.dll+0x36e5ba]
V  [jvm.dll+0x8b6cbf]
V  [jvm.dll+0x8b8044]
V  [jvm.dll+0x8b8580]
V  [jvm.dll+0x8b8823]
V  [jvm.dll+0x857e6b]
V  [jvm.dll+0x6d0b0d]
C  [ucrtbase.dll+0x37b0]
C  [KERNEL32.DLL+0x2e8d7]
C  [ntdll.dll+0x8c53c]

VM_Operation (0x000000d6126fd830): G1CollectForAllocation, mode: safepoint, requested by thread 0x000001d77ea1b5a0


---------------  P R O C E S S  ---------------

Threads class SMR info:
_java_thread_list=0x000001d77f8ffa30, length=20, elements={
0x000001d779d1a420, 0x000001d779d1dc20, 0x000001d779d20260, 0x000001d779d2bc50,
0x000001d779d2f460, 0x000001d779d2da20, 0x000001d779d59270, 0x000001d779d30810,
0x000001d779d2e0b0, 0x000001d779d2edd0, 0x000001d779d2d390, 0x000001d779d2e740,
0x000001d77ea1c2c0, 0x000001d77ea1e390, 0x000001d77ea1ea20, 0x000001d77ea21180,
0x000001d741ec8500, 0x000001d779d2faf0, 0x000001d77ea22530, 0x000001d77ea1b5a0
}

Java Threads: ( => current thread )
  0x000001d779d1a420 JavaThread "Reference Handler"          daemon [_thread_blocked, id=76864, stack(0x000000d613000000,0x000000d613100000) (1024K)]
  0x000001d779d1dc20 JavaThread "Finalizer"                  daemon [_thread_blocked, id=76868, stack(0x000000d613100000,0x000000d613200000) (1024K)]
  0x000001d779d20260 JavaThread "Signal Dispatcher"          daemon [_thread_blocked, id=67012, stack(0x000000d613200000,0x000000d613300000) (1024K)]
  0x000001d779d2bc50 JavaThread "Attach Listener"            daemon [_thread_blocked, id=75960, stack(0x000000d613300000,0x000000d613400000) (1024K)]
  0x000001d779d2f460 JavaThread "Service Thread"             daemon [_thread_blocked, id=63960, stack(0x000000d613400000,0x000000d613500000) (1024K)]
  0x000001d779d2da20 JavaThread "Monitor Deflation Thread"   daemon [_thread_blocked, id=72684, stack(0x000000d613500000,0x000000d613600000) (1024K)]
  0x000001d779d59270 JavaThread "C1 CompilerThread0"         daemon [_thread_blocked, id=77664, stack(0x000000d613600000,0x000000d613700000) (1024K)]
  0x000001d779d30810 JavaThread "Common-Cleaner"             daemon [_thread_blocked, id=77668, stack(0x000000d613700000,0x000000d613800000) (1024K)]
  0x000001d779d2e0b0 JavaThread "Notification Thread"        daemon [_thread_blocked, id=77660, stack(0x000000d613800000,0x000000d613900000) (1024K)]
  0x000001d779d2edd0 JavaThread "RMI TCP Accept-0"           daemon [_thread_in_native, id=77716, stack(0x000000d613900000,0x000000d613a00000) (1024K)]
  0x000001d779d2d390 JavaThread "RMI TCP Accept-50598"       daemon [_thread_in_native, id=77704, stack(0x000000d613a00000,0x000000d613b00000) (1024K)]
  0x000001d779d2e740 JavaThread "RMI TCP Accept-0"           daemon [_thread_in_native, id=77700, stack(0x000000d613b00000,0x000000d613c00000) (1024K)]
  0x000001d77ea1c2c0 JavaThread "RMI Scheduler(0)"           daemon [_thread_blocked, id=77680, stack(0x000000d614600000,0x000000d614700000) (1024K)]
  0x000001d77ea1e390 JavaThread "JMX server connection timeout 38" daemon [_thread_blocked, id=58252, stack(0x000000d614800000,0x000000d614900000) (1024K)]
  0x000001d77ea1ea20 JavaThread "mysql-cj-abandoned-connection-cleanup" daemon [_thread_blocked, id=77756, stack(0x000000d614d00000,0x000000d614e00000) (1024K)]
  0x000001d77ea21180 JavaThread "Live Reload Server"         daemon [_thread_in_native, id=76852, stack(0x000000d615300000,0x000000d615400000) (1024K)]
  0x000001d741ec8500 JavaThread "DestroyJavaVM"                     [_thread_blocked, id=76268, stack(0x000000d612800000,0x000000d612900000) (1024K)]
  0x000001d779d2faf0 JavaThread "RMI TCP Connection(idle)"   daemon [_thread_blocked, id=79896, stack(0x000000d614700000,0x000000d614800000) (1024K)]
  0x000001d77ea22530 JavaThread "Thread-7"                          [_thread_blocked, id=82840, stack(0x000000d612500000,0x000000d612600000) (1024K)]
  0x000001d77ea1b5a0 JavaThread "restartedMain"                     [_thread_blocked, id=80792, stack(0x000000d612600000,0x000000d612700000) (1024K)]
Total: 20

Other Threads:
=>0x000001d779d05da0 VMThread "VM Thread"                           [id=77500, stack(0x000000d612f00000,0x000000d613000000) (1024K)]
  0x000001d779cf0cb0 WatcherThread "VM Periodic Task Thread"        [id=75876, stack(0x000000d612e00000,0x000000d612f00000) (1024K)]
  0x000001d76f88a0a0 WorkerThread "GC Thread#0"                     [id=55732, stack(0x000000d612900000,0x000000d612a00000) (1024K)]
  0x000001d77e9b4dc0 WorkerThread "GC Thread#1"                     [id=77696, stack(0x000000d613c00000,0x000000d613d00000) (1024K)]
  0x000001d77e9c2c80 WorkerThread "GC Thread#2"                     [id=77720, stack(0x000000d613d00000,0x000000d613e00000) (1024K)]
  0x000001d77e9c3430 WorkerThread "GC Thread#3"                     [id=77724, stack(0x000000d613e00000,0x000000d613f00000) (1024K)]
  0x000001d77e9c3bd0 WorkerThread "GC Thread#4"                     [id=77736, stack(0x000000d613f00000,0x000000d614000000) (1024K)]
  0x000001d77e9c7f80 WorkerThread "GC Thread#5"                     [id=77732, stack(0x000000d614000000,0x000000d614100000) (1024K)]
  0x000001d77e9c8320 WorkerThread "GC Thread#6"                     [id=77728, stack(0x000000d614100000,0x000000d614200000) (1024K)]
  0x000001d77e9c86c0 WorkerThread "GC Thread#7"                     [id=77712, stack(0x000000d614200000,0x000000d614300000) (1024K)]
  0x000001d76f891750 ConcurrentGCThread "G1 Main Marker"            [id=74244, stack(0x000000d612a00000,0x000000d612b00000) (1024K)]
  0x000001d76f894630 WorkerThread "G1 Conc#0"                       [id=76720, stack(0x000000d612b00000,0x000000d612c00000) (1024K)]
  0x000001d77f3c0290 WorkerThread "G1 Conc#1"                       [id=68896, stack(0x000000d614900000,0x000000d614a00000) (1024K)]
  0x000001d779bd14a0 ConcurrentGCThread "G1 Refine#0"               [id=55980, stack(0x000000d612c00000,0x000000d612d00000) (1024K)]
  0x000001d76f904090 ConcurrentGCThread "G1 Service"                [id=40624, stack(0x000000d612d00000,0x000000d612e00000) (1024K)]
Total: 15

Threads with active compile tasks:
Total: 0

VM state: at safepoint (normal execution)

VM Mutex/Monitor currently owned by a thread:  ([mutex/lock_event])
[0x00007fff98105458] Threads_lock - owner thread: 0x000001d779d05da0
[0x00007fff98105558] Heap_lock - owner thread: 0x000001d77ea1b5a0

Heap address: 0x00000000cc200000, size: 830 MB, Compressed Oops mode: 32-bit

CDS archive(s) mapped at: [0x000001d700000000-0x000001d700c80000-0x000001d700c80000), size 13107200, SharedBaseAddress: 0x000001d700000000, ArchiveRelocationMode: 1.
Compressed class space mapped at: 0x000001d701000000-0x000001d741000000, reserved size: 1073741824
Narrow klass base: 0x000001d700000000, Narrow klass shift: 0, Narrow klass range: 0x100000000

GC Precious Log:
 CardTable entry size: 512
 Card Set container configuration: InlinePtr #cards 5 size 8 Array Of Cards #cards 12 size 40 Howl #buckets 4 coarsen threshold 1843 Howl Bitmap #cards 512 size 80 coarsen threshold 460 Card regions per heap region 1 cards per card region 2048
 CPUs: 8 total, 8 available
 Memory: 3317M
 Large Page Support: Disabled
 NUMA Support: Disabled
 Compressed Oops: Enabled (32-bit)
 Heap Region Size: 1M
 Heap Min Capacity: 8M
 Heap Initial Capacity: 52M
 Heap Max Capacity: 830M
 Pre-touch: Disabled
 Parallel Workers: 8
 Concurrent Workers: 2
 Concurrent Refinement Workers: 8
 Periodic GC: Disabled

Heap:
 garbage-first heap   total 60416K, used 26600K [0x00000000cc200000, 0x0000000100000000)
  region size 1024K, 3 young (3072K), 3 survivors (3072K)
 Metaspace       used 75057K, committed 75968K, reserved 1114112K
  class space    used 10843K, committed 11200K, reserved 1048576K

Heap Regions: E=young(eden), S=young(survivor), O=old, HS=humongous(starts), HC=humongous(continues), CS=collection set, F=free, TAMS=top-at-mark-start, PB=parsable bottom
|   0|0x00000000cc200000, 0x00000000cc300000, 0x00000000cc300000|100%|HS|  |TAMS 0x00000000cc200000| PB 0x00000000cc200000| Untracked 
|   1|0x00000000cc300000, 0x00000000cc400000, 0x00000000cc400000|100%|HS|  |TAMS 0x00000000cc300000| PB 0x00000000cc300000| Untracked 
|   2|0x00000000cc400000, 0x00000000cc4fbdc8, 0x00000000cc500000| 98%| O|  |TAMS 0x00000000cc400000| PB 0x00000000cc400000| Untracked 
|   3|0x00000000cc500000, 0x00000000cc5f4c68, 0x00000000cc600000| 95%| O|  |TAMS 0x00000000cc500000| PB 0x00000000cc500000| Untracked 
|   4|0x00000000cc600000, 0x00000000cc700000, 0x00000000cc700000|100%| O|  |TAMS 0x00000000cc600000| PB 0x00000000cc600000| Untracked 
|   5|0x00000000cc700000, 0x00000000cc7fffe0, 0x00000000cc800000| 99%| O|  |TAMS 0x00000000cc700000| PB 0x00000000cc700000| Untracked 
|   6|0x00000000cc800000, 0x00000000cc900000, 0x00000000cc900000|100%| O|  |TAMS 0x00000000cc800000| PB 0x00000000cc800000| Untracked 
|   7|0x00000000cc900000, 0x00000000cc9ffff8, 0x00000000cca00000| 99%| O|  |TAMS 0x00000000cc900000| PB 0x00000000cc900000| Untracked 
|   8|0x00000000cca00000, 0x00000000ccaffff0, 0x00000000ccb00000| 99%| O|  |TAMS 0x00000000cca00000| PB 0x00000000cca00000| Untracked 
|   9|0x00000000ccb00000, 0x00000000ccbfffe8, 0x00000000ccc00000| 99%| O|  |TAMS 0x00000000ccb00000| PB 0x00000000ccb00000| Untracked 
|  10|0x00000000ccc00000, 0x00000000cccfff80, 0x00000000ccd00000| 99%| O|  |TAMS 0x00000000ccc00000| PB 0x00000000ccc00000| Untracked 
|  11|0x00000000ccd00000, 0x00000000cce00000, 0x00000000cce00000|100%| O|  |TAMS 0x00000000ccd00000| PB 0x00000000ccd00000| Untracked 
|  12|0x00000000cce00000, 0x00000000cceffff8, 0x00000000ccf00000| 99%| O|  |TAMS 0x00000000cce00000| PB 0x00000000cce00000| Untracked 
|  13|0x00000000ccf00000, 0x00000000ccfffea0, 0x00000000cd000000| 99%| O|  |TAMS 0x00000000ccf00000| PB 0x00000000ccf00000| Untracked 
|  14|0x00000000cd000000, 0x00000000cd100000, 0x00000000cd100000|100%| O|  |TAMS 0x00000000cd000000| PB 0x00000000cd000000| Untracked 
|  15|0x00000000cd100000, 0x00000000cd1fffd8, 0x00000000cd200000| 99%| O|  |TAMS 0x00000000cd100000| PB 0x00000000cd100000| Untracked 
|  16|0x00000000cd200000, 0x00000000cd2fffe8, 0x00000000cd300000| 99%| O|  |TAMS 0x00000000cd200000| PB 0x00000000cd200000| Untracked 
|  17|0x00000000cd300000, 0x00000000cd400000, 0x00000000cd400000|100%| O|  |TAMS 0x00000000cd300000| PB 0x00000000cd300000| Untracked 
|  18|0x00000000cd400000, 0x00000000cd4ffff0, 0x00000000cd500000| 99%| O|  |TAMS 0x00000000cd400000| PB 0x00000000cd400000| Untracked 
|  19|0x00000000cd500000, 0x00000000cd5ed930, 0x00000000cd600000| 92%| O|  |TAMS 0x00000000cd500000| PB 0x00000000cd500000| Untracked 
|  20|0x00000000cd600000, 0x00000000cd6ffbd0, 0x00000000cd700000| 99%| O|  |TAMS 0x00000000cd600000| PB 0x00000000cd600000| Untracked 
|  21|0x00000000cd700000, 0x00000000cd7d9468, 0x00000000cd800000| 84%| O|  |TAMS 0x00000000cd700000| PB 0x00000000cd700000| Untracked 
|  22|0x00000000cd800000, 0x00000000cd8571f8, 0x00000000cd900000| 34%| O|  |TAMS 0x00000000cd800000| PB 0x00000000cd800000| Untracked 
|  23|0x00000000cd900000, 0x00000000cd9bfff0, 0x00000000cda00000| 74%| O|  |TAMS 0x00000000cd900000| PB 0x00000000cd900000| Untracked 
|  24|0x00000000cda00000, 0x00000000cda722b0, 0x00000000cdb00000| 44%| O|  |TAMS 0x00000000cda00000| PB 0x00000000cda00000| Untracked 
|  25|0x00000000cdb00000, 0x00000000cdb00000, 0x00000000cdc00000|  0%| F|  |TAMS 0x00000000cdb00000| PB 0x00000000cdb00000| Untracked 
|  26|0x00000000cdc00000, 0x00000000cdc00000, 0x00000000cdd00000|  0%| F|  |TAMS 0x00000000cdc00000| PB 0x00000000cdc00000| Untracked 
|  27|0x00000000cdd00000, 0x00000000cdd00000, 0x00000000cde00000|  0%| F|  |TAMS 0x00000000cdd00000| PB 0x00000000cdd00000| Untracked 
|  28|0x00000000cde00000, 0x00000000cde00000, 0x00000000cdf00000|  0%| F|  |TAMS 0x00000000cde00000| PB 0x00000000cde00000| Untracked 
|  29|0x00000000cdf00000, 0x00000000cdf00000, 0x00000000ce000000|  0%| F|  |TAMS 0x00000000cdf00000| PB 0x00000000cdf00000| Untracked 
|  30|0x00000000ce000000, 0x00000000ce000000, 0x00000000ce100000|  0%| F|  |TAMS 0x00000000ce000000| PB 0x00000000ce000000| Untracked 
|  31|0x00000000ce100000, 0x00000000ce100000, 0x00000000ce200000|  0%| F|  |TAMS 0x00000000ce100000| PB 0x00000000ce100000| Untracked 
|  32|0x00000000ce200000, 0x00000000ce200000, 0x00000000ce300000|  0%| F|  |TAMS 0x00000000ce200000| PB 0x00000000ce200000| Untracked 
|  33|0x00000000ce300000, 0x00000000ce3b9d70, 0x00000000ce400000| 72%| S|CS|TAMS 0x00000000ce300000| PB 0x00000000ce300000| Complete 
|  34|0x00000000ce400000, 0x00000000ce500000, 0x00000000ce500000|100%| S|CS|TAMS 0x00000000ce400000| PB 0x00000000ce400000| Complete 
|  35|0x00000000ce500000, 0x00000000ce600000, 0x00000000ce600000|100%| S|CS|TAMS 0x00000000ce500000| PB 0x00000000ce500000| Complete 
|  36|0x00000000ce600000, 0x00000000ce600000, 0x00000000ce700000|  0%| F|  |TAMS 0x00000000ce600000| PB 0x00000000ce600000| Untracked 
|  37|0x00000000ce700000, 0x00000000ce700000, 0x00000000ce800000|  0%| F|  |TAMS 0x00000000ce700000| PB 0x00000000ce700000| Untracked 
|  38|0x00000000ce800000, 0x00000000ce800000, 0x00000000ce900000|  0%| F|  |TAMS 0x00000000ce800000| PB 0x00000000ce800000| Untracked 
|  39|0x00000000ce900000, 0x00000000ce900000, 0x00000000cea00000|  0%| F|  |TAMS 0x00000000ce900000| PB 0x00000000ce900000| Untracked 
|  40|0x00000000cea00000, 0x00000000cea00000, 0x00000000ceb00000|  0%| F|  |TAMS 0x00000000cea00000| PB 0x00000000cea00000| Untracked 
|  41|0x00000000ceb00000, 0x00000000ceb00000, 0x00000000cec00000|  0%| F|  |TAMS 0x00000000ceb00000| PB 0x00000000ceb00000| Untracked 
|  42|0x00000000cec00000, 0x00000000cec00000, 0x00000000ced00000|  0%| F|  |TAMS 0x00000000cec00000| PB 0x00000000cec00000| Untracked 
|  43|0x00000000ced00000, 0x00000000ced00000, 0x00000000cee00000|  0%| F|  |TAMS 0x00000000ced00000| PB 0x00000000ced00000| Untracked 
|  44|0x00000000cee00000, 0x00000000cee00000, 0x00000000cef00000|  0%| F|  |TAMS 0x00000000cee00000| PB 0x00000000cee00000| Untracked 
|  45|0x00000000cef00000, 0x00000000cef00000, 0x00000000cf000000|  0%| F|  |TAMS 0x00000000cef00000| PB 0x00000000cef00000| Untracked 
|  46|0x00000000cf000000, 0x00000000cf000000, 0x00000000cf100000|  0%| F|  |TAMS 0x00000000cf000000| PB 0x00000000cf000000| Untracked 
|  47|0x00000000cf100000, 0x00000000cf100000, 0x00000000cf200000|  0%| F|  |TAMS 0x00000000cf100000| PB 0x00000000cf100000| Untracked 
|  48|0x00000000cf200000, 0x00000000cf200000, 0x00000000cf300000|  0%| F|  |TAMS 0x00000000cf200000| PB 0x00000000cf200000| Untracked 
|  49|0x00000000cf300000, 0x00000000cf300000, 0x00000000cf400000|  0%| F|  |TAMS 0x00000000cf300000| PB 0x00000000cf300000| Untracked 
|  50|0x00000000cf400000, 0x00000000cf400000, 0x00000000cf500000|  0%| F|  |TAMS 0x00000000cf400000| PB 0x00000000cf400000| Untracked 
|  51|0x00000000cf500000, 0x00000000cf500000, 0x00000000cf600000|  0%| F|  |TAMS 0x00000000cf500000| PB 0x00000000cf500000| Untracked 
|  52|0x00000000cf600000, 0x00000000cf600000, 0x00000000cf700000|  0%| F|  |TAMS 0x00000000cf600000| PB 0x00000000cf600000| Untracked 
|  53|0x00000000cf700000, 0x00000000cf700000, 0x00000000cf800000|  0%| F|  |TAMS 0x00000000cf700000| PB 0x00000000cf700000| Untracked 
|  54|0x00000000cf800000, 0x00000000cf800000, 0x00000000cf900000|  0%| F|  |TAMS 0x00000000cf800000| PB 0x00000000cf800000| Untracked 
|  55|0x00000000cf900000, 0x00000000cf900000, 0x00000000cfa00000|  0%| F|  |TAMS 0x00000000cf900000| PB 0x00000000cf900000| Untracked 
|  56|0x00000000cfa00000, 0x00000000cfa00000, 0x00000000cfb00000|  0%| F|  |TAMS 0x00000000cfa00000| PB 0x00000000cfa00000| Untracked 
| 828|0x00000000ffe00000, 0x00000000ffe00000, 0x00000000fff00000|  0%| F|  |TAMS 0x00000000ffe00000| PB 0x00000000ffe00000| Untracked 
| 829|0x00000000fff00000, 0x00000000fff00000, 0x0000000100000000|  0%| F|  |TAMS 0x00000000fff00000| PB 0x00000000fff00000| Untracked 

Card table byte_map: [0x000001d7764a0000,0x000001d776640000] _byte_map_base: 0x000001d775e3f000

Marking Bits: (CMBitMap*) 0x000001d76f88a6b0
 Bits: [0x000001d776640000, 0x000001d777338000)

Polling page: 0x000001d76d660000

Metaspace:

Usage:
  Non-class:     62.71 MB used.
      Class:     10.59 MB used.
       Both:     73.30 MB used.

Virtual space:
  Non-class space:       64.00 MB reserved,      63.25 MB ( 99%) committed,  1 nodes.
      Class space:        1.00 GB reserved,      10.94 MB (  1%) committed,  1 nodes.
             Both:        1.06 GB reserved,      74.19 MB (  7%) committed. 

Chunk freelists:
   Non-Class:  362.00 KB
       Class:  5.17 MB
        Both:  5.52 MB

MaxMetaspaceSize: unlimited
CompressedClassSpaceSize: 1.00 GB
Initial GC threshold: 21.00 MB
Current GC threshold: 123.69 MB
CDS: on
 - commit_granule_bytes: 65536.
 - commit_granule_words: 8192.
 - virtual_space_node_default_size: 8388608.
 - enlarge_chunks_in_place: 1.
 - use_allocation_guard: 0.


Internal statistics:

num_allocs_failed_limit: 6.
num_arena_births: 1648.
num_arena_deaths: 896.
num_vsnodes_births: 2.
num_vsnodes_deaths: 0.
num_space_committed: 1188.
num_space_uncommitted: 1.
num_chunks_returned_to_freelist: 1092.
num_chunks_taken_from_freelist: 4656.
num_chunk_merges: 301.
num_chunk_splits: 3011.
num_chunks_enlarged: 2204.
num_inconsistent_stats: 0.

CodeCache: size=49152Kb used=11947Kb max_used=12750Kb free=37204Kb
 bounds [0x000001d7731f0000, 0x000001d773e70000, 0x000001d7761f0000]
 total_blobs=6974, nmethods=6217, adapters=680, full_count=0
Compilation: enabled, stopped_count=0, restarted_count=0

Compilation events (20 events):
Event: 3336.095 Thread 0x000001d779d59270 9804       1       org.springframework.context.annotation.AnnotationBeanNameGenerator::generateBeanName (37 bytes)
Event: 3336.095 Thread 0x000001d779d59270 nmethod 9804 0x000001d773354d10 code [0x000001d773354f00, 0x000001d773355210]
Event: 3336.095 Thread 0x000001d779d59270 9806       1       org.springframework.context.annotation.AnnotationBeanNameGenerator::getExplicitBeanName (104 bytes)
Event: 3336.097 Thread 0x000001d779d59270 nmethod 9806 0x000001d773c57210 code [0x000001d773c57500, 0x000001d773c57e60]
Event: 3336.097 Thread 0x000001d779d59270 9807       1       org.springframework.context.annotation.AnnotationBeanNameGenerator::buildDefaultBeanName (6 bytes)
Event: 3336.098 Thread 0x000001d779d59270 nmethod 9807 0x000001d773693410 code [0x000001d7736935c0, 0x000001d7736936b0]
Event: 3336.137 Thread 0x000001d779d59270 9808       1       org.springframework.context.annotation.AnnotationBeanNameGenerator$$Lambda/0x000001d701252b38::apply (8 bytes)
Event: 3336.137 Thread 0x000001d779d59270 nmethod 9808 0x000001d773be3b10 code [0x000001d773be3cc0, 0x000001d773be3e90]
Event: 3336.137 Thread 0x000001d779d59270 9809       1       org.springframework.context.annotation.AnnotationBeanNameGenerator::lambda$getExplicitBeanName$2 (9 bytes)
Event: 3336.137 Thread 0x000001d779d59270 nmethod 9809 0x000001d7736ea190 code [0x000001d7736ea340, 0x000001d7736ea488]
Event: 3336.137 Thread 0x000001d779d59270 9810       1       org.springframework.context.annotation.AnnotationBeanNameGenerator$$Lambda/0x000001d701252d78::test (8 bytes)
Event: 3336.138 Thread 0x000001d779d59270 nmethod 9810 0x000001d773c15790 code [0x000001d773c15940, 0x000001d773c15b00]
Event: 3336.151 Thread 0x000001d779d59270 9811       1       org.springframework.context.annotation.AnnotationConfigUtils::applyScopedProxyMode (34 bytes)
Event: 3336.152 Thread 0x000001d779d59270 nmethod 9811 0x000001d7736ed510 code [0x000001d7736ed6c0, 0x000001d7736ed810]
Event: 3336.159 Thread 0x000001d779d59270 9812       1       org.springframework.boot.autoconfigure.condition.ConditionEvaluationReport$ConditionAndOutcome::equals (69 bytes)
Event: 3336.159 Thread 0x000001d779d59270 nmethod 9812 0x000001d773a39510 code [0x000001d773a396e0, 0x000001d773a39940]
Event: 3336.159 Thread 0x000001d779d59270 9813       1       org.springframework.boot.autoconfigure.condition.ConditionOutcome::equals (66 bytes)
Event: 3336.160 Thread 0x000001d779d59270 nmethod 9813 0x000001d773416010 code [0x000001d7734161e0, 0x000001d773416418]
Event: 3336.160 Thread 0x000001d779d59270 9814       1       org.springframework.boot.autoconfigure.condition.ConditionMessage::equals (33 bytes)
Event: 3336.160 Thread 0x000001d779d59270 nmethod 9814 0x000001d773c2c910 code [0x000001d773c2cac0, 0x000001d773c2cca0]

GC Heap History (20 events):
Event: 1812.064 GC heap after
{Heap after GC invocations=30 (full 0):
 garbage-first heap   total 57344K, used 32993K [0x00000000cc200000, 0x0000000100000000)
  region size 1024K, 3 young (3072K), 3 survivors (3072K)
 Metaspace       used 74338K, committed 74944K, reserved 1114112K
  class space    used 10728K, committed 11008K, reserved 1048576K
}
Event: 2216.127 GC heap before
{Heap before GC invocations=30 (full 0):
 garbage-first heap   total 57344K, used 48353K [0x00000000cc200000, 0x0000000100000000)
  region size 1024K, 18 young (18432K), 3 survivors (3072K)
 Metaspace       used 74834K, committed 75520K, reserved 1114112K
  class space    used 10822K, committed 11136K, reserved 1048576K
}
Event: 2216.360 GC heap after
{Heap after GC invocations=31 (full 0):
 garbage-first heap   total 57344K, used 33641K [0x00000000cc200000, 0x0000000100000000)
  region size 1024K, 2 young (2048K), 2 survivors (2048K)
 Metaspace       used 74834K, committed 75520K, reserved 1114112K
  class space    used 10822K, committed 11136K, reserved 1048576K
}
Event: 2774.242 GC heap before
{Heap before GC invocations=32 (full 0):
 garbage-first heap   total 58368K, used 50025K [0x00000000cc200000, 0x0000000100000000)
  region size 1024K, 18 young (18432K), 2 survivors (2048K)
 Metaspace       used 74886K, committed 75584K, reserved 1114112K
  class space    used 10830K, committed 11136K, reserved 1048576K
}
Event: 2774.633 GC heap after
{Heap after GC invocations=33 (full 0):
 garbage-first heap   total 58368K, used 33976K [0x00000000cc200000, 0x0000000100000000)
  region size 1024K, 2 young (2048K), 2 survivors (2048K)
 Metaspace       used 74886K, committed 75584K, reserved 1114112K
  class space    used 10830K, committed 11136K, reserved 1048576K
}
Event: 3273.637 GC heap before
{Heap before GC invocations=33 (full 0):
 garbage-first heap   total 58368K, used 51384K [0x00000000cc200000, 0x0000000100000000)
  region size 1024K, 19 young (19456K), 2 survivors (2048K)
 Metaspace       used 74981K, committed 75712K, reserved 1114112K
  class space    used 10853K, committed 11200K, reserved 1048576K
}
Event: 3273.765 GC heap after
{Heap after GC invocations=34 (full 0):
 garbage-first heap   total 58368K, used 32607K [0x00000000cc200000, 0x0000000100000000)
  region size 1024K, 2 young (2048K), 2 survivors (2048K)
 Metaspace       used 74981K, committed 75712K, reserved 1114112K
  class space    used 10853K, committed 11200K, reserved 1048576K
}
Event: 3273.921 GC heap before
{Heap before GC invocations=34 (full 0):
 garbage-first heap   total 58368K, used 32607K [0x00000000cc200000, 0x0000000100000000)
  region size 1024K, 3 young (3072K), 2 survivors (2048K)
 Metaspace       used 75002K, committed 75712K, reserved 1114112K
  class space    used 10858K, committed 11200K, reserved 1048576K
}
Event: 3275.275 GC heap after
{Heap after GC invocations=35 (full 1):
 garbage-first heap   total 58368K, used 23866K [0x00000000cc200000, 0x0000000100000000)
  region size 1024K, 0 young (0K), 0 survivors (0K)
 Metaspace       used 74743K, committed 75648K, reserved 1114112K
  class space    used 10799K, committed 11200K, reserved 1048576K
}
Event: 3280.292 GC heap before
{Heap before GC invocations=35 (full 1):
 garbage-first heap   total 58368K, used 48442K [0x00000000cc200000, 0x0000000100000000)
  region size 1024K, 25 young (25600K), 0 survivors (0K)
 Metaspace       used 74793K, committed 75648K, reserved 1114112K
  class space    used 10810K, committed 11200K, reserved 1048576K
}
Event: 3280.351 GC heap after
{Heap after GC invocations=36 (full 1):
 garbage-first heap   total 58368K, used 27023K [0x00000000cc200000, 0x0000000100000000)
  region size 1024K, 4 young (4096K), 4 survivors (4096K)
 Metaspace       used 74793K, committed 75648K, reserved 1114112K
  class space    used 10810K, committed 11200K, reserved 1048576K
}
Event: 3282.929 GC heap before
{Heap before GC invocations=37 (full 1):
 garbage-first heap   total 58368K, used 45455K [0x00000000cc200000, 0x0000000100000000)
  region size 1024K, 23 young (23552K), 4 survivors (4096K)
 Metaspace       used 74928K, committed 75648K, reserved 1114112K
  class space    used 10846K, committed 11200K, reserved 1048576K
}
Event: 3282.986 GC heap after
{Heap after GC invocations=38 (full 1):
 garbage-first heap   total 58368K, used 29535K [0x00000000cc200000, 0x0000000100000000)
  region size 1024K, 3 young (3072K), 3 survivors (3072K)
 Metaspace       used 74928K, committed 75648K, reserved 1114112K
  class space    used 10846K, committed 11200K, reserved 1048576K
}
Event: 3291.231 GC heap before
{Heap before GC invocations=38 (full 1):
 garbage-first heap   total 58368K, used 47967K [0x00000000cc200000, 0x0000000100000000)
  region size 1024K, 21 young (21504K), 3 survivors (3072K)
 Metaspace       used 75221K, committed 75904K, reserved 1114112K
  class space    used 10890K, committed 11200K, reserved 1048576K
}
Event: 3291.480 GC heap after
{Heap after GC invocations=39 (full 1):
 garbage-first heap   total 58368K, used 32446K [0x00000000cc200000, 0x0000000100000000)
  region size 1024K, 3 young (3072K), 3 survivors (3072K)
 Metaspace       used 75221K, committed 75904K, reserved 1114112K
  class space    used 10890K, committed 11200K, reserved 1048576K
}
Event: 3327.344 GC heap before
{Heap before GC invocations=39 (full 1):
 garbage-first heap   total 58368K, used 36542K [0x00000000cc200000, 0x0000000100000000)
  region size 1024K, 7 young (7168K), 3 survivors (3072K)
 Metaspace       used 75234K, committed 75968K, reserved 1114112K
  class space    used 10893K, committed 11200K, reserved 1048576K
}
Event: 3327.510 GC heap after
{Heap after GC invocations=40 (full 1):
 garbage-first heap   total 58368K, used 33169K [0x00000000cc200000, 0x0000000100000000)
  region size 1024K, 1 young (1024K), 1 survivors (1024K)
 Metaspace       used 75234K, committed 75968K, reserved 1114112K
  class space    used 10893K, committed 11200K, reserved 1048576K
}
Event: 3330.007 GC heap before
{Heap before GC invocations=40 (full 1):
 garbage-first heap   total 60416K, used 33169K [0x00000000cc200000, 0x0000000100000000)
  region size 1024K, 2 young (2048K), 1 survivors (1024K)
 Metaspace       used 75074K, committed 75968K, reserved 1114112K
  class space    used 10850K, committed 11200K, reserved 1048576K
}
Event: 3330.231 GC heap after
{Heap after GC invocations=41 (full 2):
 garbage-first heap   total 60416K, used 23809K [0x00000000cc200000, 0x0000000100000000)
  region size 1024K, 0 young (0K), 0 survivors (0K)
 Metaspace       used 75017K, committed 75968K, reserved 1114112K
  class space    used 10835K, committed 11200K, reserved 1048576K
}
Event: 3336.161 GC heap before
{Heap before GC invocations=41 (full 2):
 garbage-first heap   total 60416K, used 47361K [0x00000000cc200000, 0x0000000100000000)
  region size 1024K, 23 young (23552K), 0 survivors (0K)
 Metaspace       used 75057K, committed 75968K, reserved 1114112K
  class space    used 10843K, committed 11200K, reserved 1048576K
}

Dll operation events (10 events):
Event: 0.038 Loaded shared library C:\Users\arthu\.p2\pool\plugins\org.eclipse.justj.openjdk.hotspot.jre.full.win32.x86_64_21.0.8.v20250724-1412\jre\bin\java.dll
Event: 0.097 Loaded shared library C:\Users\arthu\.p2\pool\plugins\org.eclipse.justj.openjdk.hotspot.jre.full.win32.x86_64_21.0.8.v20250724-1412\jre\bin\zip.dll
Event: 0.218 Loaded shared library C:\Users\arthu\.p2\pool\plugins\org.eclipse.justj.openjdk.hotspot.jre.full.win32.x86_64_21.0.8.v20250724-1412\jre\bin\jimage.dll
Event: 0.228 Loaded shared library C:\Users\arthu\.p2\pool\plugins\org.eclipse.justj.openjdk.hotspot.jre.full.win32.x86_64_21.0.8.v20250724-1412\jre\bin\net.dll
Event: 0.235 Loaded shared library C:\Users\arthu\.p2\pool\plugins\org.eclipse.justj.openjdk.hotspot.jre.full.win32.x86_64_21.0.8.v20250724-1412\jre\bin\nio.dll
Event: 0.239 Loaded shared library C:\Users\arthu\.p2\pool\plugins\org.eclipse.justj.openjdk.hotspot.jre.full.win32.x86_64_21.0.8.v20250724-1412\jre\bin\zip.dll
Event: 0.376 Loaded shared library C:\Users\arthu\.p2\pool\plugins\org.eclipse.justj.openjdk.hotspot.jre.full.win32.x86_64_21.0.8.v20250724-1412\jre\bin\management.dll
Event: 0.407 Loaded shared library C:\Users\arthu\.p2\pool\plugins\org.eclipse.justj.openjdk.hotspot.jre.full.win32.x86_64_21.0.8.v20250724-1412\jre\bin\management_ext.dll
Event: 0.874 Loaded shared library C:\Users\arthu\.p2\pool\plugins\org.eclipse.justj.openjdk.hotspot.jre.full.win32.x86_64_21.0.8.v20250724-1412\jre\bin\extnet.dll
Event: 2.773 Loaded shared library C:\Users\arthu\.p2\pool\plugins\org.eclipse.justj.openjdk.hotspot.jre.full.win32.x86_64_21.0.8.v20250724-1412\jre\bin\sunmscapi.dll

Deoptimization events (0 events):
No events

Classes loaded (20 events):
Event: 1867.644 Loading class java/util/stream/ReduceOps$7
Event: 1867.651 Loading class java/util/stream/ReduceOps$7 done
Event: 1867.653 Loading class java/util/stream/ReduceOps$6ReducingSink
Event: 1867.661 Loading class java/util/stream/ReduceOps$6ReducingSink done
Event: 1867.662 Loading class java/util/stream/ReferencePipeline$4$1
Event: 1867.665 Loading class java/util/stream/ReferencePipeline$4$1 done
Event: 1867.903 Loading class java/io/PrintWriter$1
Event: 1867.911 Loading class jdk/internal/access/JavaIOPrintWriterAccess
Event: 1867.913 Loading class jdk/internal/access/JavaIOPrintWriterAccess done
Event: 1867.913 Loading class java/io/PrintWriter$1 done
Event: 1867.917 Loading class java/lang/Throwable$WrappedPrintWriter
Event: 1867.921 Loading class java/lang/Throwable$WrappedPrintWriter done
Event: 3271.570 Loading class java/util/concurrent/locks/AbstractQueuedSynchronizer$SharedNode
Event: 3271.579 Loading class java/util/concurrent/locks/AbstractQueuedSynchronizer$SharedNode done
Event: 3275.278 Loading class java/lang/ref/Finalizer$2
Event: 3275.284 Loading class java/lang/ref/Finalizer$2 done
Event: 3275.284 Loading class java/lang/ref/Finalizer$1
Event: 3275.302 Loading class java/lang/ref/Finalizer$1 done
Event: 3284.413 Loading class java/time/DurationEditor
Event: 3284.414 Loading class java/time/DurationEditor done

Classes unloaded (20 events):
Event: 3330.085 Thread 0x000001d779d05da0 Unloading class 0x000001d701ae8000 'java/lang/invoke/LambdaForm$MH+0x000001d701ae8000'
Event: 3330.085 Thread 0x000001d779d05da0 Unloading class 0x000001d701ae3c00 'java/lang/invoke/LambdaForm$MH+0x000001d701ae3c00'
Event: 3330.085 Thread 0x000001d779d05da0 Unloading class 0x000001d701ae3800 'java/lang/invoke/LambdaForm$MH+0x000001d701ae3800'
Event: 3330.085 Thread 0x000001d779d05da0 Unloading class 0x000001d701abe400 'java/lang/invoke/LambdaForm$MH+0x000001d701abe400'
Event: 3330.085 Thread 0x000001d779d05da0 Unloading class 0x000001d701abd800 'java/lang/invoke/LambdaForm$MH+0x000001d701abd800'
Event: 3330.085 Thread 0x000001d779d05da0 Unloading class 0x000001d701abd400 'java/lang/invoke/LambdaForm$MH+0x000001d701abd400'
Event: 3330.085 Thread 0x000001d779d05da0 Unloading class 0x000001d701abd000 'java/lang/invoke/LambdaForm$MH+0x000001d701abd000'
Event: 3330.086 Thread 0x000001d779d05da0 Unloading class 0x000001d701abcc00 'java/lang/invoke/LambdaForm$MH+0x000001d701abcc00'
Event: 3330.086 Thread 0x000001d779d05da0 Unloading class 0x000001d701abc000 'java/lang/invoke/LambdaForm$MH+0x000001d701abc000'
Event: 3330.086 Thread 0x000001d779d05da0 Unloading class 0x000001d701ac3800 'java/lang/invoke/LambdaForm$MH+0x000001d701ac3800'
Event: 3330.086 Thread 0x000001d779d05da0 Unloading class 0x000001d701ac3400 'java/lang/invoke/LambdaForm$MH+0x000001d701ac3400'
Event: 3330.086 Thread 0x000001d779d05da0 Unloading class 0x000001d701ac3000 'java/lang/invoke/LambdaForm$MH+0x000001d701ac3000'
Event: 3330.086 Thread 0x000001d779d05da0 Unloading class 0x000001d701ac2800 'java/lang/invoke/LambdaForm$MH+0x000001d701ac2800'
Event: 3330.086 Thread 0x000001d779d05da0 Unloading class 0x000001d701ac2400 'java/lang/invoke/LambdaForm$MH+0x000001d701ac2400'
Event: 3330.086 Thread 0x000001d779d05da0 Unloading class 0x000001d701ac2000 'java/lang/invoke/LambdaForm$MH+0x000001d701ac2000'
Event: 3330.086 Thread 0x000001d779d05da0 Unloading class 0x000001d701ac4000 'java/lang/invoke/LambdaForm$MH+0x000001d701ac4000'
Event: 3330.086 Thread 0x000001d779d05da0 Unloading class 0x000001d701acb000 'java/lang/invoke/LambdaForm$DMH+0x000001d701acb000'
Event: 3330.086 Thread 0x000001d779d05da0 Unloading class 0x000001d701ac4c00 'java/lang/invoke/LambdaForm$MH+0x000001d701ac4c00'
Event: 3330.086 Thread 0x000001d779d05da0 Unloading class 0x000001d701acc800 'java/lang/invoke/LambdaForm$MH+0x000001d701acc800'
Event: 3330.086 Thread 0x000001d779d05da0 Unloading class 0x000001d701184000 'java/lang/invoke/LambdaForm$MH+0x000001d701184000'

Classes redefined (0 events):
No events

Internal exceptions (20 events):
Event: 2448.514 Thread 0x000001d779d2faf0 Exception <a 'java/lang/NoSuchMethodError'{0x00000000cf4fe2e0}: static [B.<clinit>()V> (0x00000000cf4fe2e0) 
thrown [s\src\hotspot\share\prims\jni.cpp, line 1111]
Event: 2914.769 Thread 0x000001d741ec7150 Exception <a 'java/io/IOException'{0x00000000cf6aaba0}> (0x00000000cf6aaba0) 
thrown [s\src\hotspot\share\prims\jni.cpp, line 520]
Event: 2914.806 Thread 0x000001d741ec7150 Exception <a 'java/io/IOException'{0x00000000cf6abac0}> (0x00000000cf6abac0) 
thrown [s\src\hotspot\share\prims\jni.cpp, line 520]
Event: 3120.212 Thread 0x000001d741ec7150 Exception <a 'java/net/SocketException'{0x00000000cee7f090}: Connection reset by peer: shutdown> (0x00000000cee7f090) 
thrown [s\src\hotspot\share\prims\jni.cpp, line 539]
Event: 3273.880 Thread 0x000001d77ea1cfe0 Exception <a 'java/lang/InterruptedException'{0x00000000ffe2b6a0}: sleep interrupted> (0x00000000ffe2b6a0) 
thrown [s\src\hotspot\share\prims\jvm.cpp, line 3074]
Event: 3275.934 Thread 0x000001d741ec7e70 Exception <a 'sun/nio/fs/WindowsException'{0x00000000fffa14c8}> (0x00000000fffa14c8) 
thrown [s\src\hotspot\share\prims\jni.cpp, line 520]
Event: 3280.239 Thread 0x000001d741ec7e70 Exception <a 'java/lang/NoClassDefFoundError'{0x00000000ce283c90}: org/flywaydb/core/Flyway> (0x00000000ce283c90) 
thrown [s\src\hotspot\share\oops\constantPool.cpp, line 873]
Event: 3280.239 Thread 0x000001d741ec7e70 Exception <a 'java/lang/NoClassDefFoundError'{0x00000000ce2842f0}: liquibase/integration/spring/SpringLiquibase> (0x00000000ce2842f0) 
thrown [s\src\hotspot\share\oops\constantPool.cpp, line 873]
Event: 3280.255 Thread 0x000001d741ec7e70 Exception <a 'java/lang/NoClassDefFoundError'{0x00000000ce2abd88}: org/jooq/DSLContext> (0x00000000ce2abd88) 
thrown [s\src\hotspot\share\oops\constantPool.cpp, line 873]
Event: 3280.291 Thread 0x000001d741ec7e70 Exception <a 'java/lang/NoClassDefFoundError'{0x00000000ce2ff7c0}: org/springframework/batch/core/repository/JobRepository> (0x00000000ce2ff7c0) 
thrown [s\src\hotspot\share\oops\constantPool.cpp, line 873]
Event: 3280.358 Thread 0x000001d741ec7e70 Exception <a 'java/lang/NoClassDefFoundError'{0x00000000ce015298}: org/quartz/Scheduler> (0x00000000ce015298) 
thrown [s\src\hotspot\share\oops\constantPool.cpp, line 873]
Event: 3280.358 Thread 0x000001d741ec7e70 Exception <a 'java/lang/NoClassDefFoundError'{0x00000000fff004b8}: org/springframework/session/jdbc/JdbcIndexedSessionRepository> (0x00000000fff004b8) 
thrown [s\src\hotspot\share\oops\constantPool.cpp, line 873]
Event: 3280.455 Thread 0x000001d741ec7e70 Exception <a 'java/lang/NoSuchMethodError'{0x00000000fff8e820}: 'void java.lang.invoke.DelegatingMethodHandle$Holder.reinvoke_L(java.lang.Object, java.lang.Object, int)'> (0x00000000fff8e820) 
thrown [s\src\hotspot\share\interpreter\linkResolver.cpp, line 773]
Event: 3280.887 Thread 0x000001d741ec7e70 Exception <a 'java/lang/NoSuchMethodError'{0x00000000cf421408}: 'int java.lang.invoke.DirectMethodHandle$Holder.invokeVirtual(java.lang.Object, java.lang.Object, java.lang.Object, java.lang.Object)'> (0x00000000cf421408) 
thrown [s\src\hotspot\share\interpreter\linkResolver.cpp, line 773]
Event: 3280.889 Thread 0x000001d741ec7e70 Exception <a 'java/lang/NoSuchMethodError'{0x00000000cf424a00}: 'int java.lang.invoke.DelegatingMethodHandle$Holder.reinvoke_L(java.lang.Object, java.lang.Object, java.lang.Object, java.lang.Object)'> (0x00000000cf424a00) 
thrown [s\src\hotspot\share\interpreter\linkResolver.cpp, line 773]
Event: 3280.998 Thread 0x000001d741ec7e70 Exception <a 'java/io/FileNotFoundException'{0x00000000cf466e78}> (0x00000000cf466e78) 
thrown [s\src\hotspot\share\prims\jni.cpp, line 520]
Event: 3281.297 Thread 0x000001d741ec7e70 Exception <a 'java/io/FileNotFoundException'{0x00000000cf221e38}> (0x00000000cf221e38) 
thrown [s\src\hotspot\share\prims\jni.cpp, line 520]
Event: 3283.590 Thread 0x000001d741ec7e70 Exception <a 'java/lang/NoSuchMethodError'{0x00000000cf7ad988}: 'java.lang.Object java.lang.invoke.DirectMethodHandle$Holder.invokeSpecial(java.lang.Object, java.lang.Object, int, java.lang.Object, int)'> (0x00000000cf7ad988) 
thrown [s\src\hotspot\share\interpreter\linkResolver.cpp, line 773]
Event: 3329.927 Thread 0x000001d741ec5080 Exception <a 'java/lang/InterruptedException'{0x00000000fff40f38}: sleep interrupted> (0x00000000fff40f38) 
thrown [s\src\hotspot\share\prims\jvm.cpp, line 3074]
Event: 3330.724 Thread 0x000001d77ea1b5a0 Exception <a 'sun/nio/fs/WindowsException'{0x00000000fffa03a0}> (0x00000000fffa03a0) 
thrown [s\src\hotspot\share\prims\jni.cpp, line 520]

ZGC Phase Switch (0 events):
No events

VM Operations (20 events):
Event: 3307.219 Executing VM operation: HandshakeAllThreads (HandshakeForDeflation) done
Event: 3307.220 Executing VM operation: RendezvousGCThreads
Event: 3307.220 Executing VM operation: RendezvousGCThreads done
Event: 3327.341 Executing VM operation: G1CollectForAllocation (G1 Evacuation Pause)
Event: 3327.510 Executing VM operation: G1CollectForAllocation (G1 Evacuation Pause) done
Event: 3327.943 Executing VM operation: G1PauseRemark
Event: 3329.281 Executing VM operation: G1PauseRemark done
Event: 3329.971 Executing VM operation: G1CollectFull (System.gc())
Event: 3330.231 Executing VM operation: G1CollectFull (System.gc()) done
Event: 3331.245 Executing VM operation: Cleanup
Event: 3331.261 Executing VM operation: Cleanup done
Event: 3332.276 Executing VM operation: Cleanup
Event: 3332.276 Executing VM operation: Cleanup done
Event: 3333.277 Executing VM operation: Cleanup
Event: 3333.277 Executing VM operation: Cleanup done
Event: 3334.279 Executing VM operation: Cleanup
Event: 3334.295 Executing VM operation: Cleanup done
Event: 3335.298 Executing VM operation: Cleanup
Event: 3335.300 Executing VM operation: Cleanup done
Event: 3336.161 Executing VM operation: G1CollectForAllocation (G1 Evacuation Pause)

Memory protections (0 events):
No events

Nmethod flushes (20 events):
Event: 3330.128 Thread 0x000001d779d05da0 flushing  nmethod 0x000001d773c5ac90
Event: 3330.128 Thread 0x000001d779d05da0 flushing  nmethod 0x000001d773c5b010
Event: 3330.128 Thread 0x000001d779d05da0 flushing  nmethod 0x000001d773c5b310
Event: 3330.128 Thread 0x000001d779d05da0 flushing  nmethod 0x000001d773c5b710
Event: 3330.128 Thread 0x000001d779d05da0 flushing  nmethod 0x000001d773c5ba10
Event: 3330.128 Thread 0x000001d779d05da0 flushing  nmethod 0x000001d773c6dc10
Event: 3330.128 Thread 0x000001d779d05da0 flushing  nmethod 0x000001d773c6df10
Event: 3330.128 Thread 0x000001d779d05da0 flushing  nmethod 0x000001d773c6e210
Event: 3330.128 Thread 0x000001d779d05da0 flushing  nmethod 0x000001d773c6e510
Event: 3330.128 Thread 0x000001d779d05da0 flushing  nmethod 0x000001d773c6e810
Event: 3330.128 Thread 0x000001d779d05da0 flushing  nmethod 0x000001d773c75510
Event: 3330.128 Thread 0x000001d779d05da0 flushing  nmethod 0x000001d773c8ec10
Event: 3330.128 Thread 0x000001d779d05da0 flushing  nmethod 0x000001d773c8ef90
Event: 3330.128 Thread 0x000001d779d05da0 flushing  nmethod 0x000001d773c8f290
Event: 3330.128 Thread 0x000001d779d05da0 flushing  nmethod 0x000001d773c91c90
Event: 3330.128 Thread 0x000001d779d05da0 flushing  nmethod 0x000001d773c91f90
Event: 3330.129 Thread 0x000001d779d05da0 flushing  nmethod 0x000001d773c93010
Event: 3330.130 Thread 0x000001d779d05da0 flushing  nmethod 0x000001d773c94010
Event: 3330.130 Thread 0x000001d779d05da0 flushing  nmethod 0x000001d773c94b10
Event: 3330.130 Thread 0x000001d779d05da0 flushing  nmethod 0x000001d773c94e90

Events (20 events):
Event: 3327.204 Thread 0x000001d77ea1d670 Thread exited: 0x000001d77ea1d670
Event: 3327.204 Thread 0x000001d77ea20460 Thread exited: 0x000001d77ea20460
Event: 3327.205 Thread 0x000001d77ea1c950 Thread exited: 0x000001d77ea1c950
Event: 3327.205 Thread 0x000001d77ea1cfe0 Thread exited: 0x000001d77ea1cfe0
Event: 3327.214 Thread 0x000001d77ea1dd00 Thread exited: 0x000001d77ea1dd00
Event: 3327.216 Thread 0x000001d77ea1f740 Thread exited: 0x000001d77ea1f740
Event: 3327.217 Thread 0x000001d741ec6430 Thread exited: 0x000001d741ec6430
Event: 3327.218 Thread 0x000001d77ea1b5a0 Thread exited: 0x000001d77ea1b5a0
Event: 3327.218 Thread 0x000001d77ea1fdd0 Thread exited: 0x000001d77ea1fdd0
Event: 3327.919 Thread 0x000001d77ea22530 Thread added: 0x000001d77ea1c950
Event: 3327.932 Thread 0x000001d741ec5710 Thread exited: 0x000001d741ec5710
Event: 3329.418 Thread 0x000001d77ea1c950 Thread exited: 0x000001d77ea1c950
Event: 3329.926 Thread 0x000001d741ec5da0 Thread exited: 0x000001d741ec5da0
Event: 3329.926 Thread 0x000001d741ec7150 Thread exited: 0x000001d741ec7150
Event: 3329.928 Thread 0x000001d741ec5080 Thread exited: 0x000001d741ec5080
Event: 3330.233 Thread 0x000001d77ea22530 Thread added: 0x000001d77ea1c950
Event: 3330.235 Thread 0x000001d77ea1c950 Thread exited: 0x000001d77ea1c950
Event: 3330.236 Thread 0x000001d77ea22530 Thread added: 0x000001d77ea1b5a0
Event: 3333.095 Thread 0x000001d77ea1b5a0 Thread added: 0x000001d77ea1bc30
Event: 3333.381 Thread 0x000001d77ea1bc30 Thread exited: 0x000001d77ea1bc30


Dynamic libraries:
0x00007ff763c40000 - 0x00007ff763c4e000 	C:\Users\arthu\.p2\pool\plugins\org.eclipse.justj.openjdk.hotspot.jre.full.win32.x86_64_21.0.8.v20250724-1412\jre\bin\javaw.exe
0x00007fffccd40000 - 0x00007fffccfa8000 	C:\WINDOWS\SYSTEM32\ntdll.dll
0x00007fffcb520000 - 0x00007fffcb5e9000 	C:\WINDOWS\System32\KERNEL32.DLL
0x00007fffca050000 - 0x00007fffca442000 	C:\WINDOWS\System32\KERNELBASE.dll
0x00007fffca800000 - 0x00007fffca94b000 	C:\WINDOWS\System32\ucrtbase.dll
0x00007fffbe510000 - 0x00007fffbe52e000 	C:\Users\arthu\.p2\pool\plugins\org.eclipse.justj.openjdk.hotspot.jre.full.win32.x86_64_21.0.8.v20250724-1412\jre\bin\VCRUNTIME140.dll
0x00007fffc3680000 - 0x00007fffc3698000 	C:\Users\arthu\.p2\pool\plugins\org.eclipse.justj.openjdk.hotspot.jre.full.win32.x86_64_21.0.8.v20250724-1412\jre\bin\jli.dll
0x00007fffccaa0000 - 0x00007fffccc65000 	C:\WINDOWS\System32\USER32.dll
0x00007fffb2880000 - 0x00007fffb2b13000 	C:\WINDOWS\WinSxS\amd64_microsoft.windows.common-controls_6595b64144ccf1df_6.0.26100.6899_none_3e0efeeae32e88c1\COMCTL32.dll
0x00007fffca020000 - 0x00007fffca047000 	C:\WINDOWS\System32\win32u.dll
0x00007fffcb350000 - 0x00007fffcb37b000 	C:\WINDOWS\System32\GDI32.dll
0x00007fffca9e0000 - 0x00007fffcab0d000 	C:\WINDOWS\System32\gdi32full.dll
0x00007fffcb190000 - 0x00007fffcb239000 	C:\WINDOWS\System32\msvcrt.dll
0x00007fffc9f70000 - 0x00007fffca013000 	C:\WINDOWS\System32\msvcp_win.dll
0x00007fffcc0b0000 - 0x00007fffcc0df000 	C:\WINDOWS\System32\IMM32.DLL
0x00007fffc69e0000 - 0x00007fffc69ec000 	C:\Users\arthu\.p2\pool\plugins\org.eclipse.justj.openjdk.hotspot.jre.full.win32.x86_64_21.0.8.v20250724-1412\jre\bin\vcruntime140_1.dll
0x00007fff7c910000 - 0x00007fff7c99d000 	C:\Users\arthu\.p2\pool\plugins\org.eclipse.justj.openjdk.hotspot.jre.full.win32.x86_64_21.0.8.v20250724-1412\jre\bin\msvcp140.dll
0x00007fff97450000 - 0x00007fff981e7000 	C:\Users\arthu\.p2\pool\plugins\org.eclipse.justj.openjdk.hotspot.jre.full.win32.x86_64_21.0.8.v20250724-1412\jre\bin\server\jvm.dll
0x00007fffcb290000 - 0x00007fffcb344000 	C:\WINDOWS\System32\ADVAPI32.dll
0x00007fffcc120000 - 0x00007fffcc1c6000 	C:\WINDOWS\System32\sechost.dll
0x00007fffcab10000 - 0x00007fffcac28000 	C:\WINDOWS\System32\RPCRT4.dll
0x00007fffcc030000 - 0x00007fffcc0a4000 	C:\WINDOWS\System32\WS2_32.dll
0x00007fffbdde0000 - 0x00007fffbde15000 	C:\WINDOWS\SYSTEM32\WINMM.dll
0x00007fffc9d30000 - 0x00007fffc9d8e000 	C:\WINDOWS\SYSTEM32\POWRPROF.dll
0x00007fffc3500000 - 0x00007fffc350b000 	C:\WINDOWS\SYSTEM32\VERSION.dll
0x00007fffc9d10000 - 0x00007fffc9d24000 	C:\WINDOWS\SYSTEM32\UMPDC.dll
0x00007fffc8ca0000 - 0x00007fffc8cbb000 	C:\WINDOWS\SYSTEM32\kernel.appcore.dll
0x00007fffc6a80000 - 0x00007fffc6a8a000 	C:\Users\arthu\.p2\pool\plugins\org.eclipse.justj.openjdk.hotspot.jre.full.win32.x86_64_21.0.8.v20250724-1412\jre\bin\jimage.dll
0x00007fffc77c0000 - 0x00007fffc7a02000 	C:\WINDOWS\SYSTEM32\DBGHELP.DLL
0x00007fffcae10000 - 0x00007fffcb18b000 	C:\WINDOWS\System32\combase.dll
0x00007fffcbed0000 - 0x00007fffcbfa7000 	C:\WINDOWS\System32\OLEAUT32.dll
0x00007fffb6680000 - 0x00007fffb66bc000 	C:\WINDOWS\SYSTEM32\dbgcore.DLL
0x00007fffc9ed0000 - 0x00007fffc9f68000 	C:\WINDOWS\System32\bcryptPrimitives.dll
0x00007fffc4960000 - 0x00007fffc497f000 	C:\Users\arthu\.p2\pool\plugins\org.eclipse.justj.openjdk.hotspot.jre.full.win32.x86_64_21.0.8.v20250724-1412\jre\bin\java.dll
0x00007fffcb780000 - 0x00007fffcbecd000 	C:\WINDOWS\System32\SHELL32.dll
0x00007fffca510000 - 0x00007fffca67b000 	C:\WINDOWS\System32\wintypes.dll
0x00007fffc7a10000 - 0x00007fffc826d000 	C:\WINDOWS\SYSTEM32\windows.storage.dll
0x00007fffcb680000 - 0x00007fffcb772000 	C:\WINDOWS\System32\SHCORE.dll
0x00007fffcb380000 - 0x00007fffcb3e2000 	C:\WINDOWS\System32\shlwapi.dll
0x00007fffc9df0000 - 0x00007fffc9e19000 	C:\WINDOWS\SYSTEM32\profapi.dll
0x00007fffc4940000 - 0x00007fffc4958000 	C:\Users\arthu\.p2\pool\plugins\org.eclipse.justj.openjdk.hotspot.jre.full.win32.x86_64_21.0.8.v20250724-1412\jre\bin\zip.dll
0x00007fffc4c40000 - 0x00007fffc4c50000 	C:\Users\arthu\.p2\pool\plugins\org.eclipse.justj.openjdk.hotspot.jre.full.win32.x86_64_21.0.8.v20250724-1412\jre\bin\net.dll
0x00007fffc2890000 - 0x00007fffc29af000 	C:\WINDOWS\SYSTEM32\WINHTTP.dll
0x00007fffc9210000 - 0x00007fffc927b000 	C:\WINDOWS\system32\mswsock.dll
0x00007fffc3740000 - 0x00007fffc3756000 	C:\Users\arthu\.p2\pool\plugins\org.eclipse.justj.openjdk.hotspot.jre.full.win32.x86_64_21.0.8.v20250724-1412\jre\bin\nio.dll
0x00007fffc4a50000 - 0x00007fffc4a5a000 	C:\Users\arthu\.p2\pool\plugins\org.eclipse.justj.openjdk.hotspot.jre.full.win32.x86_64_21.0.8.v20250724-1412\jre\bin\management.dll
0x00007fffbd4d0000 - 0x00007fffbd4db000 	C:\Users\arthu\.p2\pool\plugins\org.eclipse.justj.openjdk.hotspot.jre.full.win32.x86_64_21.0.8.v20250724-1412\jre\bin\management_ext.dll
0x00007fffcb670000 - 0x00007fffcb678000 	C:\WINDOWS\System32\PSAPI.DLL
0x00007fff80420000 - 0x00007fff80438000 	C:\WINDOWS\system32\napinsp.dll
0x00007fffc8790000 - 0x00007fffc88b6000 	C:\WINDOWS\SYSTEM32\DNSAPI.dll
0x00007fffc86f0000 - 0x00007fffc8724000 	C:\WINDOWS\SYSTEM32\IPHLPAPI.DLL
0x00007fffcc230000 - 0x00007fffcc23a000 	C:\WINDOWS\System32\NSI.dll
0x00007fff80440000 - 0x00007fff80452000 	C:\WINDOWS\System32\winrnr.dll
0x00007fffa9a60000 - 0x00007fffa9a76000 	C:\WINDOWS\system32\wshbth.dll
0x00007fffc49e0000 - 0x00007fffc4a08000 	C:\WINDOWS\system32\nlansp_c.dll
0x00007fffc3510000 - 0x00007fffc351b000 	C:\Windows\System32\rasadhlp.dll
0x00007fffc3e70000 - 0x00007fffc3ef6000 	C:\WINDOWS\System32\fwpuclnt.dll
0x00007fffc94c0000 - 0x00007fffc94db000 	C:\WINDOWS\SYSTEM32\CRYPTSP.dll
0x00007fffc8c00000 - 0x00007fffc8c3b000 	C:\WINDOWS\system32\rsaenh.dll
0x00007fffc92b0000 - 0x00007fffc92db000 	C:\WINDOWS\SYSTEM32\USERENV.dll
0x00007fffc9dc0000 - 0x00007fffc9de6000 	C:\WINDOWS\SYSTEM32\bcrypt.dll
0x00007fffc94e0000 - 0x00007fffc94ec000 	C:\WINDOWS\SYSTEM32\CRYPTBASE.dll
0x00007fffc69f0000 - 0x00007fffc69f9000 	C:\Users\arthu\.p2\pool\plugins\org.eclipse.justj.openjdk.hotspot.jre.full.win32.x86_64_21.0.8.v20250724-1412\jre\bin\extnet.dll
0x00007fffc6a00000 - 0x00007fffc6a0e000 	C:\Users\arthu\.p2\pool\plugins\org.eclipse.justj.openjdk.hotspot.jre.full.win32.x86_64_21.0.8.v20250724-1412\jre\bin\sunmscapi.dll
0x00007fffca680000 - 0x00007fffca7f7000 	C:\WINDOWS\System32\CRYPT32.dll
0x00007fffc96e0000 - 0x00007fffc9710000 	C:\WINDOWS\SYSTEM32\ncrypt.dll
0x00007fffc9690000 - 0x00007fffc96cf000 	C:\WINDOWS\SYSTEM32\NTASN1.dll
0x00007fffbdfd0000 - 0x00007fffbdfd8000 	C:\WINDOWS\system32\wshunix.dll

JVMTI agents: none

dbghelp: loaded successfully - version: 4.0.5 - missing functions: none
symbol engine: initialized successfully - sym options: 0x614 - pdb path: .;C:\Users\arthu\.p2\pool\plugins\org.eclipse.justj.openjdk.hotspot.jre.full.win32.x86_64_21.0.8.v20250724-1412\jre\bin;C:\WINDOWS\SYSTEM32;C:\WINDOWS\WinSxS\amd64_microsoft.windows.common-controls_6595b64144ccf1df_6.0.26100.6899_none_3e0efeeae32e88c1;C:\Users\arthu\.p2\pool\plugins\org.eclipse.justj.openjdk.hotspot.jre.full.win32.x86_64_21.0.8.v20250724-1412\jre\bin\server

VM Arguments:
jvm_args: -Dcom.sun.management.jmxremote -Dcom.sun.management.jmxremote.port=50598 -Dcom.sun.management.jmxremote.authenticate=false -Dcom.sun.management.jmxremote.ssl=false -Djava.rmi.server.hostname=localhost -Dspring.jmx.enabled=true -Dmanagement.endpoints.jmx.exposure.include=* -Dspring.application.admin.enabled=true -Dspring.output.ansi.enabled=always -XX:TieredStopAtLevel=1 -Dspring.boot.project.name=tarefasdiarias-0.0.1-SNAPSHOT -Dfile.encoding=UTF-8 -Dstdout.encoding=UTF-8 -Dstderr.encoding=UTF-8 -XX:+ShowCodeDetailsInExceptionMessages 
java_command: app.TarefasdiariasApplication
java_class_path (initial): C:\Users\arthu\Downloads\jessycaMVCSpringBoot-main\jessycaMVCSpringBoot-main\tarefasdiarias-2.0\target\classes;C:\Users\arthu\.m2\repository\org\springframework\boot\spring-boot-starter-data-jpa\3.5.7\spring-boot-starter-data-jpa-3.5.7.jar;C:\Users\arthu\.m2\repository\org\springframework\boot\spring-boot-starter\3.5.7\spring-boot-starter-3.5.7.jar;C:\Users\arthu\.m2\repository\org\springframework\boot\spring-boot-starter-logging\3.5.7\spring-boot-starter-logging-3.5.7.jar;C:\Users\arthu\.m2\repository\ch\qos\logback\logback-classic\1.5.20\logback-classic-1.5.20.jar;C:\Users\arthu\.m2\repository\ch\qos\logback\logback-core\1.5.20\logback-core-1.5.20.jar;C:\Users\arthu\.m2\repository\org\apache\logging\log4j\log4j-to-slf4j\2.24.3\log4j-to-slf4j-2.24.3.jar;C:\Users\arthu\.m2\repository\org\apache\logging\log4j\log4j-api\2.24.3\log4j-api-2.24.3.jar;C:\Users\arthu\.m2\repository\org\slf4j\jul-to-slf4j\2.0.17\jul-to-slf4j-2.0.17.jar;C:\Users\arthu\.m2\repository\jakarta\annotation\jakarta.annotation-api\2.1.1\jakarta.annotation-api-2.1.1.jar;C:\Users\arthu\.m2\repository\org\yaml\snakeyaml\2.4\snakeyaml-2.4.jar;C:\Users\arthu\.m2\repository\org\springframework\boot\spring-boot-starter-jdbc\3.5.7\spring-boot-starter-jdbc-3.5.7.jar;C:\Users\arthu\.m2\repository\com\zaxxer\HikariCP\6.3.3\HikariCP-6.3.3.jar;C:\Users\arthu\.m2\repository\org\springframework\spring-jdbc\6.2.12\spring-jdbc-6.2.12.jar;C:\Users\arthu\.m2\repository\org\hibernate\orm\hibernate-core\6.6.33.Final\hibernate-core-6.6.33.Final.jar;C:\Users\arthu\.m2\repository\jakarta\persistence\jakarta.persistence-api\3.1.0\jakarta.persistence-api-3.1.0.jar;C:\Users\arthu\.m2\repository\jakarta\transaction\jakarta.transaction-api\2.0.1\jakarta.transaction-api-2.0.1.jar;C:\Users\arthu\.m2\repository\org\jboss\logging\jboss-logging\3.6.1.Final\jboss-logging-3.6.1.Final.jar;C:\Users\arthu\.m2\repository\org\hibernate\common\hibernate-commons-annotations\7.0.3.Final\hibernate-commons-annotations-7.0.3.Final.jar;C:\Users\arthu\.m2\repository\io\smallrye\jandex\3.2.0\jandex-3.2.0.jar;C:\Users\arthu\.m2\repository\com\fasterxml\classmate\1.7.1\classmate-1.7.1.jar;C:\Users\arthu\.m2\repository\net\bytebuddy\byte-buddy\1.17.8\byte-buddy-1.17.8.jar;C:\Users\arthu\.m2\repository\org\glassfish\jaxb\jaxb-runtime\4.0.6\jaxb-runtime-4.0.6.jar;C:\Users\arthu\.m2\repository\org\glassfish\jaxb\jaxb-core\4.0.6\jaxb-core-4.0.6.jar;C:\Users\arthu\.m2\repository\org\eclipse\angus\angus-activation\2.0.3\angus-activation-2.0.3.jar;C:\Users\arthu\.m2\repository\org\glassfish\jaxb\txw2\4.0.6\txw2-4.0.6.jar;C:\Users\arthu\.m2\repository\com\sun\istack\istack-commons-runtime\4.1.2\istack-commons-runtime-4.1.2.jar;C:\Users\arthu\.m2\repository\jakarta\inject\jakarta.inject-api\2.0.1\jakarta.inject-api-2.0.1.jar;C:\Users\arthu\.m2\repository\org\antlr\antlr4-runtime\4.13.0\antlr4-runtime-4.13.0.jar;C:\Users\arthu\.m2\repository\org\springframework\data\spring-data-jpa\3.5.5\spring-data-jpa-3.5.5.jar;C:\Users\arthu\.m2\repository\org\springframework\data\spring-data-commons\3.5.5\spring-data-commons-3.5.5.jar;C:\Users\arthu\.m2\repository\org\springframework\spring-orm\6.2.12\spring-orm-6.2.12.jar;C:\Users\arthu\.m2\repository\org\springframework\spring-context\6.2.12\spring-context-6.2.12.jar;C:\Users\arthu\.m2\repository\org\springframework\spring-aop\6.2.12\spring-aop-6.2.12.jar;C:\Users\arthu\.m2\repository\org\springframework\spring-tx\6.2.12\spring-tx-6.2.12.jar;C:\Users\arthu\.m2\repository\org\springframework\spring-beans\6.2.12\spring-beans-6.2.12.jar;C:\Users\arthu\.m2\repository\org\slf4j\slf4j-api\2.0.17\slf4j-api-2.0.17.jar;C:\Users\arthu\.m2\repository\org\springframework\spring-aspects\6.2.12\spring-aspects-6.2.12.jar;C:\Users\arthu\.m2\repository\org\aspectj\aspectjweaver\1.9.24\aspectjweaver-1.9.24.jar;C:\Users\arthu\.m2\repository\org\springframework\boot\spring-boot-starter-web\3.5.7\spring-boot-starter-web-3.5.7.jar;C:\Users\arthu\.m2\repository\org\springframework\boot\spring-boot-starter-json\3.5.7\spring-boot-starter-json-3.5.7.jar;C:\Users\arthu\.m2\repository\com\fasterxml\jackson\core\jackson-databind\2.19.2\jackson-databind-2.19.2.jar;C:\Users\arthu\.m2\repository\com\fasterxml\jackson\core\jackson-annotations\2.19.2\jackson-annotations-2.19.2.jar;C:\Users\arthu\.m2\repository\com\fasterxml\jackson\core\jackson-core\2.19.2\jackson-core-2.19.2.jar;C:\Users\arthu\.m2\repository\com\fasterxml\jackson\datatype\jackson-datatype-jdk8\2.19.2\jackson-datatype-jdk8-2.19.2.jar;C:\Users\arthu\.m2\repository\com\fasterxml\jackson\datatype\jackson-datatype-jsr310\2.19.2\jackson-datatype-jsr310-2.19.2.jar;C:\Users\arthu\.m2\repository\com\fasterxml\jackson\module\jackson-module-parameter-names\2.19.2\jackson-module-parameter-names-2.19.2.jar;C:\Users\arthu\.m2\repository\org\springframework\boot\spring-boot-starter-tomcat\3.5.7\spring-boot-starter-tomcat-3.5.7.jar;C:\Users\arthu\.m2\repository\org\apache\tomcat\embed\tomcat-embed-core\10.1.48\tomcat-embed-core-10.1.48.jar;C:\Users\arthu\.m2\repository\org\apache\tomcat\embed\tomcat-embed-el\10.1.48\tomcat-embed-el-10.1.48.jar;C:\Users\arthu\.m2\repository\org\apache\tomcat\embed\tomcat-embed-websocket\10.1.48\tomcat-embed-websocket-10.1.48.jar;C:\Users\arthu\.m2\repository\org\springframework\spring-web\6.2.12\spring-web-6.2.12.jar;C:\Users\arthu\.m2\repository\io\micrometer\micrometer-observation\1.15.5\micrometer-observation-1.15.5.jar;C:\Users\arthu\.m2\repository\io\micrometer\micrometer-commons\1.15.5\micrometer-commons-1.15.5.jar;C:\Users\arthu\.m2\repository\org\springframework\spring-webmvc\6.2.12\spring-webmvc-6.2.12.jar;C:\Users\arthu\.m2\repository\org\springframework\spring-expression\6.2.12\spring-expression-6.2.12.jar;C:\Users\arthu\.m2\repository\org\springframework\boot\spring-boot-devtools\3.5.7\spring-boot-devtools-3.5.7.jar;C:\Users\arthu\.m2\repository\org\springframework\boot\spring-boot\3.5.7\spring-boot-3.5.7.jar;C:\Users\arthu\.m2\repository\org\springframework\boot\spring-boot-autoconfigure\3.5.7\spring-boot-autoconfigure-3.5.7.jar;C:\Users\arthu\.m2\repository\com\mysql\mysql-connector-j\9.4.0\mysql-connector-j-9.4.0.jar;C:\Users\arthu\.m2\repository\jakarta\xml\bind\jakarta.xml.bind-api\4.0.4\jakarta.xml.bind-api-4.0.4.jar;C:\Users\arthu\.m2\repository\jakarta\activation\jakarta.activation-api\2.1.4\jakarta.activation-api-2.1.4.jar;C:\Users\arthu\.m2\repository\org\springframework\spring-core\6.2.12\spring-core-6.2.12.jar;C:\Users\arthu\.m2\repository\org\springframework\spring-jcl\6.2.12\spring-jcl-6.2.12.jar
Launcher Type: SUN_STANDARD

[Global flags]
     intx CICompilerCount                          = 4                                         {product} {ergonomic}
     uint ConcGCThreads                            = 2                                         {product} {ergonomic}
     uint G1ConcRefinementThreads                  = 8                                         {product} {ergonomic}
   size_t G1HeapRegionSize                         = 1048576                                   {product} {ergonomic}
    uintx GCDrainStackTargetSize                   = 64                                        {product} {ergonomic}
   size_t InitialHeapSize                          = 54525952                                  {product} {ergonomic}
     bool ManagementServer                         = true                                      {product} {command line}
   size_t MarkStackSize                            = 4194304                                   {product} {ergonomic}
   size_t MaxHeapSize                              = 870318080                                 {product} {ergonomic}
   size_t MaxNewSize                               = 522190848                                 {product} {ergonomic}
   size_t MinHeapDeltaBytes                        = 1048576                                   {product} {ergonomic}
   size_t MinHeapSize                              = 8388608                                   {product} {ergonomic}
    uintx NonNMethodCodeHeapSize                   = 4096                                   {pd product} {ergonomic}
    uintx NonProfiledCodeHeapSize                  = 0                                      {pd product} {ergonomic}
     bool ProfileInterpreter                       = false                                  {pd product} {command line}
    uintx ProfiledCodeHeapSize                     = 0                                      {pd product} {ergonomic}
     bool ShowCodeDetailsInExceptionMessages       = true                                   {manageable} {command line}
   size_t SoftMaxHeapSize                          = 870318080                              {manageable} {ergonomic}
     intx TieredStopAtLevel                        = 1                                         {product} {command line}
     bool UseCompressedOops                        = true                           {product lp64_product} {ergonomic}
     bool UseG1GC                                  = true                                      {product} {ergonomic}
     bool UseLargePagesIndividualAllocation        = false                                  {pd product} {ergonomic}

Logging:
Log output configuration:
 #0: stdout all=warning uptime,level,tags foldmultilines=false
 #1: stderr all=off uptime,level,tags foldmultilines=false

Environment Variables:
PATH=C:/Users/arthu/.p2/pool/plugins/org.eclipse.justj.openjdk.hotspot.jre.full.win32.x86_64_21.0.8.v20250724-1412/jre/bin/server;C:/Users/arthu/.p2/pool/plugins/org.eclipse.justj.openjdk.hotspot.jre.full.win32.x86_64_21.0.8.v20250724-1412/jre/bin;C:\app\arthu\product\23ai\dbhomeFree\bin;C:\Program Files\Common Files\Oracle\Java\javapath;C:\Program Files (x86)\Common Files\Oracle\Java\java8path;C:\Program Files (x86)\Common Files\Oracle\Java\javapath;C:\WINDOWS\system32;C:\WINDOWS;C:\WINDOWS\System32\Wbem;C:\WINDOWS\System32\WindowsPowerShell\v1.0\;C:\WINDOWS\System32\OpenSSH\;C:\Program Files\Git\cmd;C:\Program Files\nodejs\;C:\Program Files\dotnet\;C:\Program Files\MySQL\MySQL Shell 8.0\bin\;C:\Users\arthu\AppData\Local\Microsoft\WindowsApps;C:\Users\arthu\AppData\Local\Programs\Microsoft VS Code\bin;C:\php;C:\Users\arthu\AppData\Roaming\npm;C:\Users\arthu\eclipse\java-2025-06\eclipse;
USERNAME=arthu
OS=Windows_NT
PROCESSOR_IDENTIFIER=AMD64 Family 23 Model 160 Stepping 0, AuthenticAMD
TMP=C:\Users\arthu\AppData\Local\Temp
TEMP=C:\Users\arthu\AppData\Local\Temp




Periodic native trim disabled

---------------  S Y S T E M  ---------------

OS:
 Windows 11 , 64 bit Build 26100 (10.0.26100.6725)
OS uptime: 3 days 22:13 hours
Hyper-V role detected

CPU: total 8 (initial active 8) (8 cores per cpu, 2 threads per core) family 23 model 160 stepping 0 microcode 0x8a00006, cx8, cmov, fxsr, ht, mmx, 3dnowpref, sse, sse2, sse3, ssse3, sse4a, sse4.1, sse4.2, popcnt, lzcnt, tsc, tscinvbit, avx, avx2, aes, clmul, bmi1, bmi2, adx, sha, fma, vzeroupper, clflush, clflushopt, hv, rdtscp, rdpid, f16c
Processor Information for the first 8 processors :
  Max Mhz: 2401, Current Mhz: 2401, Mhz Limit: 2401

Memory: 4k page, system-wide physical 3317M (6M free)
TotalPageFile size 13557M (AvailPageFile size 100M)
current process WorkingSet (physical memory assigned to process): 172M, peak: 195M
current process commit charge ("private bytes"): 266M, peak: 384M

vm_info: OpenJDK 64-Bit Server VM (21.0.8+9-LTS) for windows-amd64 JRE (21.0.8+9-LTS), built on 2025-07-15T00:00:00Z by "admin" with MS VC++ 17.7 (VS2022)

END.
